android/build/intermediates/manifest_merge_blame_file/release/manifest-merger-blame-release-report.txt
1<?xml version="1.0" encoding="utf-8"?>
2<manifest xmlns:android="http://schemas.android.com/apk/res/android"
3    package="com.github.manu.dungeonintroubles"
4    android:versionCode="1"
5    android:versionName="1.0" >
6
7    <uses-sdk
8        android:minSdkVersion="19"
8-->Dungeon-in-Troubles\android\AndroidManifest.xml
9        android:targetSdkVersion="33" />
9-->Dungeon-in-Troubles\android\AndroidManifest.xml
10
11    <uses-feature
11-->Dungeon-in-Troubles\android\AndroidManifest.xml:5:2-74
12        android:glEsVersion="0x00020000"
12-->Dungeon-in-Troubles\android\AndroidManifest.xml:5:16-48
13        android:required="true" />
13-->Dungeon-in-Troubles\android\AndroidManifest.xml:5:49-72
14
15    <uses-permission android:name="android.permission.VIBRATE" />
15-->Dungeon-in-Troubles\android\AndroidManifest.xml:6:2-62
15-->Dungeon-in-Troubles\android\AndroidManifest.xml:6:19-60
16
17    <application
17-->Dungeon-in-Troubles\android\AndroidManifest.xml:7:2-27:16
18        android:name="android.support.multidex.MultiDexApplication"
19        android:allowBackup="true"
19-->Dungeon-in-Troubles\android\AndroidManifest.xml:8:4-30
20        android:appCategory="game"
20-->Dungeon-in-Troubles\android\AndroidManifest.xml:12:4-30
21        android:fullBackupContent="true"
21-->Dungeon-in-Troubles\android\AndroidManifest.xml:9:10-42
22        android:icon="@mipmap/game_icon"
22-->Dungeon-in-Troubles\android\AndroidManifest.xml:10:4-36
23        android:isGame="true"
23-->Dungeon-in-Troubles\android\AndroidManifest.xml:11:4-25
24        android:label="@string/app_name"
24-->Dungeon-in-Troubles\android\AndroidManifest.xml:13:10-42
25        android:theme="@style/GdxTheme" >
25-->Dungeon-in-Troubles\android\AndroidManifest.xml:15:4-35
26        <activity
26-->Dungeon-in-Troubles\android\AndroidManifest.xml:16:3-26:14
27            android:name="com.github.manu.dungeonintroubles.android.AndroidLauncher"
27-->Dungeon-in-Troubles\android\AndroidManifest.xml:17:5-77
28            android:configChanges="keyboard|keyboardHidden|navigation|orientation|screenSize|screenLayout"
28-->Dungeon-in-Troubles\android\AndroidManifest.xml:20:5-99
29            android:exported="true"
29-->Dungeon-in-Troubles\android\AndroidManifest.xml:21:13-36
30            android:label="@string/app_name"
30-->Dungeon-in-Troubles\android\AndroidManifest.xml:18:5-37
31            android:screenOrientation="landscape" >
31-->Dungeon-in-Troubles\android\AndroidManifest.xml:19:5-42
32            <intent-filter>
32-->Dungeon-in-Troubles\android\AndroidManifest.xml:22:5-25:20
33                <action android:name="android.intent.action.MAIN" />
33-->Dungeon-in-Troubles\android\AndroidManifest.xml:23:5-56
33-->Dungeon-in-Troubles\android\AndroidManifest.xml:23:13-54
34
35                <category android:name="android.intent.category.LAUNCHER" />
35-->Dungeon-in-Troubles\android\AndroidManifest.xml:24:5-64
35-->Dungeon-in-Troubles\android\AndroidManifest.xml:24:15-62
36            </intent-filter>
37        </activity>
38    </application>
39
40</manifest>